[debug] [2019-02-03T12:49:28.758Z] ----------------------------------------------------------------------
[debug] [2019-02-03T12:49:28.760Z] Command:       /usr/local/bin/node /usr/local/bin/firebase serve
[debug] [2019-02-03T12:49:28.761Z] CLI Version:   6.3.1
[debug] [2019-02-03T12:49:28.761Z] Platform:      darwin
[debug] [2019-02-03T12:49:28.761Z] Node Version:  v11.9.0
[debug] [2019-02-03T12:49:28.761Z] Time:          Sun Feb 03 2019 19:49:28 GMT+0700 (Indochina Time)
[debug] [2019-02-03T12:49:28.761Z] ----------------------------------------------------------------------
[debug] 
[debug] [2019-02-03T12:49:28.771Z] > command requires scopes: ["email","openid","https://www.googleapis.com/auth/cloudplatformprojects.readonly","https://www.googleapis.com/auth/firebase","https://www.googleapis.com/auth/cloud-platform"]
[debug] [2019-02-03T12:49:28.771Z] > authorizing via signed-in user
[debug] [2019-02-03T12:49:28.771Z] [iam] checking project letter-p-stock for permissions ["firebase.projects.get"]
[debug] [2019-02-03T12:49:28.773Z] >>> HTTP REQUEST POST https://cloudresourcemanager.googleapis.com/v1/projects/letter-p-stock:testIamPermissions  

[debug] [2019-02-03T12:49:30.154Z] <<< HTTP RESPONSE 200
[debug] [2019-02-03T12:49:30.156Z] >>> HTTP REQUEST GET https://cloudresourcemanager.googleapis.com/v1/projects/letter-p-stock  
 
[debug] [2019-02-03T12:49:31.484Z] <<< HTTP RESPONSE 200
[info] 
[info] === Serving from '/Volumes/Macintosh HD/Users/soulisacksayyalinh/projects/web/firebase/functions'...
[info] 
[info] i  functions: Preparing to emulate functions.
[debug] [2019-02-03T12:49:32.074Z] Fetching environment
[debug] [2019-02-03T12:49:32.076Z] >>> HTTP REQUEST GET https://mobilesdk-pa.googleapis.com/v1/projects/266165141490:getServerAppConfig  
 
[debug] [2019-02-03T12:49:32.608Z] <<< HTTP RESPONSE 200
[debug] [2019-02-03T12:49:32.608Z] Starting @google-cloud/functions-emulator
[debug] [2019-02-03T12:49:33.651Z] Parsing function triggers
[info] ✔  functions: api: http://localhost:5000/letter-p-stock/us-central1/api
